<?xml version="1.0" encoding="UTF-8"?>
<testng-results ignored="0" total="1" passed="1" failed="0" skipped="0">
  <reporter-output>
  </reporter-output>
  <suite started-at="2026-07-03T17:44:04 IST" name="Default suite" finished-at="2026-07-03T17:44:26 IST" duration-ms="22090">
    <groups>
      <group name="cucumber">
        <method signature="AbstractTestNGCucumberTests.runScenario(io.cucumber.testng.PickleWrapper,io.cucumber.testng.FeatureWrapper)[pri:0, instance:com.ispecia.logistics.local_move_automation.runners.TestRunner@3bf7ca37]" name="runScenario" class="io.cucumber.testng.AbstractTestNGCucumberTests"/>
      </group> <!-- cucumber -->
    </groups>
    <test started-at="2026-07-03T17:44:04 IST" name="Default test" finished-at="2026-07-03T17:44:26 IST" duration-ms="22090">
      <class name="com.ispecia.logistics.local_move_automation.runners.TestRunner">
        <test-method is-config="true" signature="setUpClass(org.testng.ITestContext)[pri:0, instance:com.ispecia.logistics.local_move_automation.runners.TestRunner@3bf7ca37]" started-at="2026-07-03T17:44:04 IST" name="setUpClass" finished-at="2026-07-03T17:44:05 IST" duration-ms="695" status="PASS">
          <params>
            <param index="0">
              <value>
                <![CDATA[org.testng.TestRunner@b887730]]>
              </value>
            </param>
          </params>
          <reporter-output>
          </reporter-output>
        </test-method> <!-- setUpClass -->
        <test-method signature="runScenario(io.cucumber.testng.PickleWrapper,io.cucumber.testng.FeatureWrapper)[pri:0, instance:com.ispecia.logistics.local_move_automation.runners.TestRunner@3bf7ca37]" started-at="2026-07-03T17:44:05 IST" name="runScenario" description="Runs Cucumber Scenarios" data-provider="scenarios" finished-at="2026-07-03T17:44:26 IST" duration-ms="21301" status="PASS">
          <params>
            <param index="0">
              <value>
                <![CDATA["Verify user is able to successfully Delete Customer"]]>
              </value>
            </param>
            <param index="1">
              <value>
                <![CDATA["Test"]]>
              </value>
            </param>
          </params>
          <reporter-output>
          </reporter-output>
        </test-method> <!-- runScenario -->
        <test-method is-config="true" signature="tearDownClass()[pri:0, instance:com.ispecia.logistics.local_move_automation.runners.TestRunner@3bf7ca37]" started-at="2026-07-03T17:44:26 IST" name="tearDownClass" finished-at="2026-07-03T17:44:26 IST" duration-ms="41" status="PASS">
          <reporter-output>
          </reporter-output>
        </test-method> <!-- tearDownClass -->
      </class> <!-- com.ispecia.logistics.local_move_automation.runners.TestRunner -->
    </test> <!-- Default test -->
  </suite> <!-- Default suite -->
</testng-results>
