<?xml version="1.0" encoding="UTF-8"?>
<!-- Generated by org.testng.reporters.JUnitReportReporter -->
<testsuite hostname="DESKTOP-CSOLGE9" failures="0" tests="1" name="com.ispecia.logistics.local_move_automation.runners.TestRunner" time="28.056" errors="0" timestamp="2026-07-02T14:40:43 IST" skipped="0">
  <testcase classname="com.ispecia.logistics.local_move_automation.runners.TestRunner" name="runScenario" time="28.056"/>
</testsuite> <!-- com.ispecia.logistics.local_move_automation.runners.TestRunner -->
