<?xml version="1.0" encoding="UTF-8"?>
<!-- Generated by org.testng.reporters.JUnitReportReporter -->
<testsuite hostname="DESKTOP-CSOLGE9" failures="0" tests="1" name="com.ispecia.logistics.local_move_automation.runners.TestRunner" time="14.767" errors="0" timestamp="2026-07-03T17:29:44 IST" skipped="0">
  <testcase classname="com.ispecia.logistics.local_move_automation.runners.TestRunner" name="runScenario" time="14.767"/>
</testsuite> <!-- com.ispecia.logistics.local_move_automation.runners.TestRunner -->
